<?xml version="1.0" encoding="utf-8"?>
<testsuites>
	<testsuite name="maps a -> b" time="0.002567" disabled="0" errors="0" tests="2" failures="0" skipped="0" hostname="host">
		<testcase name="works" time="0.001593" classname="test" file="C:\repo\test\a.test.js"/>
		<testsuite name="inner" time="0.000344" disabled="0" errors="0" tests="1" failures="0" skipped="0" hostname="host">
			<testcase name="one" time="0.000197" classname="test" file="C:\repo\test\a.test.js"/>
		</testsuite>
	</testsuite>
	<testsuite name="other" time="0.000280" disabled="0" errors="0" tests="1" failures="0" skipped="0" hostname="host">
		<testsuite name="inner" time="0.000190" disabled="0" errors="0" tests="1" failures="0" skipped="0" hostname="host">
			<testcase name="one" time="0.000103" classname="test" file="C:\repo\test\a.test.js"/>
		</testsuite>
	</testsuite>
	<testcase name="top level a > b" time="0.000056" classname="test" file="C:\repo\test\a.test.js"/>
	<testcase name="fails here" time="0.000367" classname="test" file="C:\repo\test\a.test.js" failure="boom">
		<failure type="testCodeFailure" message="boom">
[Error [ERR_TEST_FAILURE]: boom] {
  code: 'ERR_TEST_FAILURE',
  failureType: 'testCodeFailure',
  cause: AssertionError [ERR_ASSERTION]: boom
      at TestContext.&lt;anonymous> (file:///C:/repo/test/a.test.js:16:35)
      at Test.runInAsyncScope (node:async_hooks:214:14)
      at Test.run (node:internal/test_runner/test:1106:25)
      at Test.processPendingSubtests (node:internal/test_runner/test:788:18)
      at Test.postRun (node:internal/test_runner/test:1235:19)
      at Test.run (node:internal/test_runner/test:1163:12)
      at async Test.processPendingSubtests (node:internal/test_runner/test:788:7) {
    generatedMessage: false,
    code: 'ERR_ASSERTION',
    actual: undefined,
    expected: undefined,
    operator: 'fail',
    diff: 'simple'
  }
}
		</failure>
	</testcase>
	<testcase name="skipped one" time="0.000262" classname="test" file="C:\repo\test\a.test.js">
		<skipped type="skipped" message="true"/>
	</testcase>
	<!-- tests 6 -->
	<!-- suites 4 -->
	<!-- pass 4 -->
	<!-- fail 1 -->
	<!-- cancelled 0 -->
	<!-- skipped 1 -->
	<!-- todo 0 -->
	<!-- duration_ms 81.2577 -->
</testsuites>
